<?xml version="1.0" encoding="UTF-8"?>
<!-- Generated by org.testng.reporters.JUnitReportReporter -->
<testsuite skipped="1" hostname="DESKTOP-V05AICI" name="controlenotas.AlunoTest" tests="5" failures="0" timestamp="24 jun 2018 22:41:16 GMT" time="0.808" errors="0">
  <testcase name="listarPorID" time="0.006" classname="controlenotas.AlunoTest"/>
  <testcase name="deletar" time="0.066" classname="controlenotas.AlunoTest"/>
  <testcase name="listartodos" time="0.011" classname="controlenotas.AlunoTest"/>
  <testcase name="criarTabela" time="0.725" classname="controlenotas.AlunoTest"/>
  <testcase name="inserir" classname="controlenotas.AlunoTest">
    <skipped/>
  </testcase> <!-- inserir -->
</testsuite> <!-- controlenotas.AlunoTest -->
