<?xml version="1.0" encoding="UTF-8"?>
<!-- Generated by org.testng.reporters.JUnitReportReporter -->
<testsuite skipped="0" hostname="DESKTOP-V05AICI" name="controlenotas.AlunoTest" tests="5" failures="0" timestamp="27 jun 2018 02:25:16 GMT" time="0.166" errors="0">
  <testcase name="inserir" time="0.075" classname="controlenotas.AlunoTest"/>
  <testcase name="alterar" time="0.058" classname="controlenotas.AlunoTest"/>
  <testcase name="listartodos" time="0.016" classname="controlenotas.AlunoTest"/>
  <testcase name="buscarPorChavePrimaria" time="0.006" classname="controlenotas.AlunoTest"/>
  <testcase name="excluir" time="0.011" classname="controlenotas.AlunoTest"/>
</testsuite> <!-- controlenotas.AlunoTest -->
