<?xml version="1.0" encoding="UTF-8"?>
<!-- Generated by org.testng.reporters.JUnitReportReporter -->
<testsuite skipped="0" hostname="DESKTOP-V05AICI" name="controlenotas.DisciplinaTest" tests="6" failures="0" timestamp="27 jun 2018 23:57:08 GMT" time="0.149" errors="0">
  <testcase name="deletar" time="0.006" classname="controlenotas.DisciplinaTest"/>
  <testcase name="calculaMedia" time="0.028" classname="controlenotas.DisciplinaTest"/>
  <testcase name="inserir" time="0.038" classname="controlenotas.DisciplinaTest"/>
  <testcase name="alterar" time="0.063" classname="controlenotas.DisciplinaTest"/>
  <testcase name="listartodos" time="0.009" classname="controlenotas.DisciplinaTest"/>
  <testcase name="listarPorID" time="0.005" classname="controlenotas.DisciplinaTest"/>
</testsuite> <!-- controlenotas.DisciplinaTest -->
