<?xml version="1.0" encoding="UTF-8"?>
<!-- Generated by org.testng.reporters.JUnitReportReporter -->
<testsuite skipped="0" hostname="DESKTOP-V05AICI" name="controlenotas.AlunoTest" tests="2" failures="0" timestamp="24 jun 2018 03:24:13 GMT" time="0.655" errors="0">
  <testcase name="inserir" time="0.044" classname="controlenotas.AlunoTest"/>
  <testcase name="criarTabela" time="0.611" classname="controlenotas.AlunoTest"/>
</testsuite> <!-- controlenotas.AlunoTest -->
