<?xml version="1.0" encoding="UTF-8"?>
<!-- Generated by org.testng.reporters.JUnitReportReporter -->
<testsuite skipped="0" hostname="DESKTOP-V05AICI" name="controlenotas.AlunoTest" tests="6" failures="0" timestamp="25 jun 2018 20:43:47 GMT" time="0.359" errors="0">
  <testcase name="inserir" time="0.006" classname="controlenotas.AlunoTest"/>
  <testcase name="alterar" time="0.037" classname="controlenotas.AlunoTest"/>
  <testcase name="deletar" time="0.004" classname="controlenotas.AlunoTest"/>
  <testcase name="listartodos" time="0.005" classname="controlenotas.AlunoTest"/>
  <testcase name="listarPorID" time="0.002" classname="controlenotas.AlunoTest"/>
  <testcase name="criarTabela" time="0.305" classname="controlenotas.AlunoTest"/>
</testsuite> <!-- controlenotas.AlunoTest -->
