<?xml version="1.0" encoding="UTF-8"?>
<!-- Generated by org.testng.reporters.JUnitReportReporter -->
<testsuite skipped="0" hostname="DESKTOP-V05AICI" name="controlenotas.AlunoDisciplinaTest" tests="5" failures="0" timestamp="28 jun 2018 01:19:19 GMT" time="0.801" errors="0">
  <testcase name="inserirDisciplina" time="0.019" classname="controlenotas.AlunoDisciplinaTest"/>
  <testcase name="criarTabela" time="0.699" classname="controlenotas.AlunoDisciplinaTest"/>
  <testcase name="inserirIntermediaria" time="0.014" classname="controlenotas.AlunoDisciplinaTest"/>
  <testcase name="inserirAluno" time="0.033" classname="controlenotas.AlunoDisciplinaTest"/>
  <testcase name="listartodos" time="0.036" classname="controlenotas.AlunoDisciplinaTest"/>
</testsuite> <!-- controlenotas.AlunoDisciplinaTest -->
