<?xml version="1.0" encoding="UTF-8"?>
<!-- Generated by org.testng.reporters.JUnitReportReporter -->
<testsuite skipped="0" hostname="DESKTOP-V05AICI" name="controlenotas.AlunoDisciplinaTest" tests="3" failures="0" timestamp="28 jun 2018 00:54:55 GMT" time="0.936" errors="0">
  <testcase name="inserir" time="0.065" classname="controlenotas.AlunoDisciplinaTest"/>
  <testcase name="criarTabela" time="0.832" classname="controlenotas.AlunoDisciplinaTest"/>
  <testcase name="listartodos" time="0.039" classname="controlenotas.AlunoDisciplinaTest"/>
</testsuite> <!-- controlenotas.AlunoDisciplinaTest -->
