<?xml version="1.0" encoding="UTF-8"?>
<!-- Generated by org.testng.reporters.JUnitReportReporter -->
<testsuite skipped="0" hostname="DESKTOP-V05AICI" name="controlenotas.DisciplinaTest" tests="6" failures="0" timestamp="25 jun 2018 23:04:01 GMT" time="0.357" errors="0">
  <testcase name="listarPorID" time="0.006" classname="controlenotas.DisciplinaTest"/>
  <testcase name="deletar" time="0.019" classname="controlenotas.DisciplinaTest"/>
  <testcase name="criarTabela" time="0.301" classname="controlenotas.DisciplinaTest"/>
  <testcase name="listartodos" time="0.005" classname="controlenotas.DisciplinaTest"/>
  <testcase name="inserir" time="0.021" classname="controlenotas.DisciplinaTest"/>
  <testcase name="alterar" time="0.005" classname="controlenotas.DisciplinaTest"/>
</testsuite> <!-- controlenotas.DisciplinaTest -->
