<?xml version="1.0" encoding="UTF-8"?>
<!-- Generated by org.testng.reporters.JUnitReportReporter -->
<testsuite skipped="0" hostname="DESKTOP-V05AICI" name="controlenotas.DisciplinaTest" tests="5" failures="0" timestamp="27 jun 2018 01:39:32 GMT" time="0.181" errors="0">
  <testcase name="inserir" time="0.071" classname="controlenotas.DisciplinaTest"/>
  <testcase name="listarPorID" time="0.005" classname="controlenotas.DisciplinaTest"/>
  <testcase name="listartodos" time="0.018" classname="controlenotas.DisciplinaTest"/>
  <testcase name="deletar" time="0.008" classname="controlenotas.DisciplinaTest"/>
  <testcase name="alterar" time="0.079" classname="controlenotas.DisciplinaTest"/>
</testsuite> <!-- controlenotas.DisciplinaTest -->
